0 info it worked if it ends with ok
1 verbose cli [ '/usr/bin/node', '/usr/bin/npm', 'install', '-g', 'jscodeshift' ]
2 info using npm@2.15.12
3 info using node@v8.12.0
4 verbose install initial load of /usr/lib/package.json
5 verbose readDependencies loading dependencies from /usr/lib/package.json
6 silly cache add args [ 'jscodeshift', null ]
7 verbose cache add spec jscodeshift
8 silly cache add parsed spec Result {
8 silly cache add   raw: 'jscodeshift',
8 silly cache add   scope: null,
8 silly cache add   name: 'jscodeshift',
8 silly cache add   rawSpec: '',
8 silly cache add   spec: 'latest',
8 silly cache add   type: 'tag' }
9 silly addNamed jscodeshift@latest
10 verbose addNamed "latest" is being treated as a dist-tag for jscodeshift
11 info addNameTag [ 'jscodeshift', 'latest' ]
12 silly mapToRegistry name jscodeshift
13 silly mapToRegistry using default registry
14 silly mapToRegistry registry https://registry.npmjs.org/
15 silly mapToRegistry data Result {
15 silly mapToRegistry   raw: 'jscodeshift',
15 silly mapToRegistry   scope: null,
15 silly mapToRegistry   name: 'jscodeshift',
15 silly mapToRegistry   rawSpec: '',
15 silly mapToRegistry   spec: 'latest',
15 silly mapToRegistry   type: 'tag' }
16 silly mapToRegistry uri https://registry.npmjs.org/jscodeshift
17 verbose addNameTag registry:https://registry.npmjs.org/jscodeshift not in flight; fetching
18 verbose request uri https://registry.npmjs.org/jscodeshift
19 verbose request no auth needed
20 info attempt registry request try #1 at 09:08:07
21 verbose request id 1261ecf0f756fbce
22 http request GET https://registry.npmjs.org/jscodeshift
23 http 200 https://registry.npmjs.org/jscodeshift
24 verbose headers { date: 'Fri, 19 Oct 2018 08:08:07 GMT',
24 verbose headers   'content-type': 'application/json; charset=UTF-8',
24 verbose headers   'transfer-encoding': 'chunked',
24 verbose headers   connection: 'keep-alive',
24 verbose headers   'set-cookie':
24 verbose headers    [ '__cfduid=d1c268ee85276b8b07015cc02bb90f8111539936487; expires=Sat, 19-Oct-19 08:08:07 GMT; path=/; domain=.registry.npmjs.org; HttpOnly' ],
24 verbose headers   'cf-cache-status': 'HIT',
24 verbose headers   'cache-control': 'max-age=300',
24 verbose headers   'cf-ray': '46c1c1463e3dbfc2-MAN',
24 verbose headers   etag: 'W/"20276ddb605f86e07eeece52956aa7ed"',
24 verbose headers   'expect-ct': 'max-age=604800, report-uri="https://report-uri.cloudflare.com/cdn-cgi/beacon/expect-ct"',
24 verbose headers   'last-modified': 'Tue, 05 Jun 2018 04:29:27 GMT',
24 verbose headers   vary: 'accept-encoding, accept',
24 verbose headers   server: 'cloudflare',
24 verbose headers   'content-encoding': 'gzip' }
25 silly get cb [ 200,
25 silly get   { date: 'Fri, 19 Oct 2018 08:08:07 GMT',
25 silly get     'content-type': 'application/json; charset=UTF-8',
25 silly get     'transfer-encoding': 'chunked',
25 silly get     connection: 'keep-alive',
25 silly get     'set-cookie':
25 silly get      [ '__cfduid=d1c268ee85276b8b07015cc02bb90f8111539936487; expires=Sat, 19-Oct-19 08:08:07 GMT; path=/; domain=.registry.npmjs.org; HttpOnly' ],
25 silly get     'cf-cache-status': 'HIT',
25 silly get     'cache-control': 'max-age=300',
25 silly get     'cf-ray': '46c1c1463e3dbfc2-MAN',
25 silly get     etag: 'W/"20276ddb605f86e07eeece52956aa7ed"',
25 silly get     'expect-ct': 'max-age=604800, report-uri="https://report-uri.cloudflare.com/cdn-cgi/beacon/expect-ct"',
25 silly get     'last-modified': 'Tue, 05 Jun 2018 04:29:27 GMT',
25 silly get     vary: 'accept-encoding, accept',
25 silly get     server: 'cloudflare',
25 silly get     'content-encoding': 'gzip' } ]
26 verbose get saving jscodeshift to /home/eduard/.npm/registry.npmjs.org/jscodeshift/.cache.json
27 verbose correctMkdir /home/eduard/.npm correctMkdir not in flight; initializing
28 silly addNameTag next cb for jscodeshift with tag latest
29 silly addNamed jscodeshift@0.5.1
30 verbose addNamed "0.5.1" is a plain semver version for jscodeshift
31 silly mapToRegistry name jscodeshift
32 silly mapToRegistry using default registry
33 silly mapToRegistry registry https://registry.npmjs.org/
34 silly mapToRegistry data Result {
34 silly mapToRegistry   raw: 'jscodeshift',
34 silly mapToRegistry   scope: null,
34 silly mapToRegistry   name: 'jscodeshift',
34 silly mapToRegistry   rawSpec: '',
34 silly mapToRegistry   spec: 'latest',
34 silly mapToRegistry   type: 'tag' }
35 silly mapToRegistry uri https://registry.npmjs.org/jscodeshift
36 verbose addRemoteTarball https://registry.npmjs.org/jscodeshift/-/jscodeshift-0.5.1.tgz not in flight; adding
37 verbose addRemoteTarball [ 'https://registry.npmjs.org/jscodeshift/-/jscodeshift-0.5.1.tgz',
37 verbose addRemoteTarball   '4af6a721648be8638ae1464a190342da52960c33' ]
38 info retry fetch attempt 1 at 09:08:07
39 info attempt registry request try #1 at 09:08:07
40 http fetch GET https://registry.npmjs.org/jscodeshift/-/jscodeshift-0.5.1.tgz
41 http fetch 200 https://registry.npmjs.org/jscodeshift/-/jscodeshift-0.5.1.tgz
42 silly fetchAndShaCheck shasum 4af6a721648be8638ae1464a190342da52960c33
43 verbose addTmpTarball /tmp/npm-563-caa0c790/registry.npmjs.org/jscodeshift/-/jscodeshift-0.5.1.tgz not in flight; adding
44 verbose addTmpTarball already have metadata; skipping unpack for jscodeshift@0.5.1
45 verbose correctMkdir /home/eduard/.npm correctMkdir not in flight; initializing
46 silly cache afterAdd jscodeshift@0.5.1
47 verbose afterAdd /home/eduard/.npm/jscodeshift/0.5.1/package/package.json not in flight; writing
48 verbose correctMkdir /home/eduard/.npm correctMkdir not in flight; initializing
49 verbose afterAdd /home/eduard/.npm/jscodeshift/0.5.1/package/package.json written
50 silly install resolved [ { name: 'jscodeshift',
50 silly install resolved     version: '0.5.1',
50 silly install resolved     description: 'A toolkit for JavaScript codemods',
50 silly install resolved     repository:
50 silly install resolved      { type: 'git',
50 silly install resolved        url: 'git+https://github.com/facebook/jscodeshift.git' },
50 silly install resolved     bugs: { url: 'https://github.com/facebook/jscodeshift/issues' },
50 silly install resolved     main: 'index.js',
50 silly install resolved     scripts:
50 silly install resolved      { prepublish: 'cp -R src/ dist/',
50 silly install resolved        test: 'jest --bail',
50 silly install resolved        docs: 'rm -rf docs && jsdoc -d docs -R README.md src/collections/* src/core.js src/Collection.js' },
50 silly install resolved     bin: { jscodeshift: './bin/jscodeshift.sh' },
50 silly install resolved     engines: { node: '>=4' },
50 silly install resolved     keywords: [ 'codemod', 'recast' ],
50 silly install resolved     author: { name: 'Felix Kling' },
50 silly install resolved     license: 'BSD-3-Clause',
50 silly install resolved     dependencies:
50 silly install resolved      { 'babel-plugin-transform-flow-strip-types': '^6.8.0',
50 silly install resolved        'babel-preset-es2015': '^6.9.0',
50 silly install resolved        'babel-preset-stage-1': '^6.5.0',
50 silly install resolved        'babel-register': '^6.9.0',
50 silly install resolved        babylon: '^7.0.0-beta.47',
50 silly install resolved        colors: '^1.1.2',
50 silly install resolved        'flow-parser': '^0.*',
50 silly install resolved        lodash: '^4.13.1',
50 silly install resolved        micromatch: '^2.3.7',
50 silly install resolved        'neo-async': '^2.5.0',
50 silly install resolved        'node-dir': '0.1.8',
50 silly install resolved        nomnom: '^1.8.1',
50 silly install resolved        recast: '^0.15.0',
50 silly install resolved        temp: '^0.8.1',
50 silly install resolved        'write-file-atomic': '^1.2.0' },
50 silly install resolved     devDependencies:
50 silly install resolved      { 'babel-eslint': '^6.1.2',
50 silly install resolved        eslint: '^3.1.1',
50 silly install resolved        jest: '^18.1.0',
50 silly install resolved        jsdoc: '^3.4.0',
50 silly install resolved        mkdirp: '^0.5.1' },
50 silly install resolved     jest: { testPathDirs: [Array] },
50 silly install resolved     gitHead: '595b15cda4f52673cad8fe3ae65c12e334966dbf',
50 silly install resolved     homepage: 'https://github.com/facebook/jscodeshift#readme',
50 silly install resolved     _id: 'jscodeshift@0.5.1',
50 silly install resolved     _npmVersion: '5.8.0',
50 silly install resolved     _nodeVersion: '8.9.0',
50 silly install resolved     _npmUser: { name: 'fkling', email: 'felix.kling@gmx.net' },
50 silly install resolved     dist:
50 silly install resolved      { integrity: 'sha512-sRMollbhbmSDrR79JMAnhEjyZJlQQVozeeY9A6/KNuV26DNcuB3mGSCWXp0hks9dcwRNOELbNOiwraZaXXRk5Q==',
50 silly install resolved        shasum: '4af6a721648be8638ae1464a190342da52960c33',
50 silly install resolved        tarball: 'https://registry.npmjs.org/jscodeshift/-/jscodeshift-0.5.1.tgz',
50 silly install resolved        fileCount: 82,
50 silly install resolved        unpackedSize: 1304143,
50 silly install resolved        'npm-signature': '-----BEGIN PGP SIGNATURE-----\r\nVersion: OpenPGP.js v3.0.4\r\nComment: https://openpgpjs.org\r\n\r\nwsFcBAEBCAAQBQJbFhGjCRA9TVsSAnZWagAA58YP/jBEaqU0gUQuq0Mj8akq\n0bu0fiKWwnsDeUdV44Tyl4LQym5g2uNvBlzD2FRm8P3t7YDouOFSWL7dGamb\nsHmz7EGAQCVD6de8DoVxGs4MFLQ+vbQrhzzpvRjP3aDqIa07Jhw1sr3Uz4F4\nOPEHqi0zg6cbHshEs9t30yi08vrNCWvqeytAR8yJh18S5UPcEBdwf4OG7fTG\nySoZjSK+ICLVb3Di7HysZwoKx7kVes2nxWOOMfJaKuiyGR35fOvsjnyls8lc\n9N2p6goGt1i4GMF91Rs/9v8Y66tKgZ7Ded6Cdk2ip6Nk+Hdl6/aLQ9Xnk5wO\n7/CPhK5/iDwd3t/gzJWD7pzTkDYJprDr/U81xbox/UbDKqugTPHBOjPDbNrl\no86nKULIKr8CNYxHGxOqthf00Ztzvu1SyWqCihSYyNDAzbJsJGXJ1LoUTDZ+\n8044qxM3nA0EDeNz055O/YBwXKh4CfKCjUtG7ltvz6HF9ZLV+xrPq+zGhmFP\nGC6rfqZU/K7hYz6AZk/P1rlva6u528Wta48lfmX/GZDF4M5ixPZFJ1ihK3d/\nSLJMp60qxWHWYeEDMD+NN+6YOI5Qy/2lUCiWsB0npKZoM9LPDa0ffW3HR9Vb\nC7wrq3GyVVMHnVFPggIvDEYHKw/gfPkp8KkXgufXArcVg4Zv4NSGf6V8xv1h\nEp/O\r\n=SRgi\r\n-----END PGP SIGNATURE-----\r\n' },
50 silly install resolved     maintainers: [ [Object], [Object], [Object] ],
50 silly install resolved     directories: {},
50 silly install resolved     _npmOperationalInternal:
50 silly install resolved      { host: 's3://npm-registry-packages',
50 silly install resolved        tmp: 'tmp/jscodeshift_0.5.1_1528172961824_0.967533252885342' },
50 silly install resolved     _shasum: '4af6a721648be8638ae1464a190342da52960c33',
50 silly install resolved     _resolved: 'https://registry.npmjs.org/jscodeshift/-/jscodeshift-0.5.1.tgz',
50 silly install resolved     _from: 'jscodeshift@latest' } ]
51 info install jscodeshift@0.5.1 into /usr/lib
52 info installOne jscodeshift@0.5.1
53 verbose installOne of jscodeshift to /usr/lib not in flight; installing
54 verbose correctMkdir /home/eduard/.npm/_locks correctMkdir not in flight; initializing
55 verbose lock using /home/eduard/.npm/_locks/jscodeshift-9a24f0a1e5287158.lock for /usr/lib/node_modules/jscodeshift
56 silly install write writing jscodeshift 0.5.1 to /usr/lib/node_modules/jscodeshift
57 verbose unbuild lib/node_modules/jscodeshift
58 silly gentlyRm /usr/lib/node_modules/jscodeshift is being purged from base /usr
59 verbose gentlyRm don't care about contents; nuking /usr/lib/node_modules/jscodeshift
60 verbose tar unpack /home/eduard/.npm/jscodeshift/0.5.1/package.tgz
61 verbose tar unpacking to /usr/lib/node_modules/jscodeshift
62 silly gentlyRm /usr/lib/node_modules/jscodeshift is being purged
63 verbose gentlyRm don't care about contents; nuking /usr/lib/node_modules/jscodeshift
64 silly gunzTarPerm modes [ '775', '664' ]
65 error tar.unpack untar error /home/eduard/.npm/jscodeshift/0.5.1/package.tgz
66 verbose unlock done using /home/eduard/.npm/_locks/jscodeshift-9a24f0a1e5287158.lock for /usr/lib/node_modules/jscodeshift
67 verbose fstream_path /usr/lib/node_modules/jscodeshift
68 verbose fstream_type Directory
69 verbose fstream_class DirWriter
70 verbose stack Error: EACCES: permission denied, mkdir '/usr/lib/node_modules/jscodeshift'
71 verbose fstream_stack /usr/lib/node_modules/npm/node_modules/fstream/lib/dir-writer.js:35:25
71 verbose fstream_stack /usr/lib/node_modules/npm/node_modules/mkdirp/index.js:47:53
71 verbose fstream_stack FSReqWrap.oncomplete (fs.js:152:21)
72 verbose cwd /home/eduard/projects/cg-orders-application
73 error Linux 4.15.0-36-generic
74 error argv "/usr/bin/node" "/usr/bin/npm" "install" "-g" "jscodeshift"
75 error node v8.12.0
76 error npm  v2.15.12
77 error path /usr/lib/node_modules/jscodeshift
78 error code EACCES
79 error errno -13
80 error syscall mkdir
81 error Error: EACCES: permission denied, mkdir '/usr/lib/node_modules/jscodeshift'
81 error  { Error: EACCES: permission denied, mkdir '/usr/lib/node_modules/jscodeshift'
81 error   errno: -13,
81 error   code: 'EACCES',
81 error   syscall: 'mkdir',
81 error   path: '/usr/lib/node_modules/jscodeshift',
81 error   fstream_type: 'Directory',
81 error   fstream_path: '/usr/lib/node_modules/jscodeshift',
81 error   fstream_class: 'DirWriter',
81 error   fstream_stack:
81 error    [ '/usr/lib/node_modules/npm/node_modules/fstream/lib/dir-writer.js:35:25',
81 error      '/usr/lib/node_modules/npm/node_modules/mkdirp/index.js:47:53',
81 error      'FSReqWrap.oncomplete (fs.js:152:21)' ] }
82 error Please try running this command again as root/Administrator.
83 verbose exit [ -13, true ]
84 verbose unbuild lib/node_modules/jscodeshift
85 silly gentlyRm /usr/lib/node_modules/jscodeshift is being purged from base /usr
86 verbose gentlyRm don't care about contents; nuking /usr/lib/node_modules/jscodeshift
